<?xml version="1.0" encoding="UTF-8"?>
<testsuite xmlns:xsi="http://www.w3.org/2001/XMLSchema-instance" xsi:noNamespaceSchemaLocation="https://maven.apache.org/surefire/maven-surefire-plugin/xsd/surefire-test-report.xsd" name="com.self.service.impl.HelloServiceImplTest" time="3.779" tests="4" errors="1" skipped="1" failures="0">
  <properties>
    <property name="sun.desktop" value="windows"/>
    <property name="awt.toolkit" value="sun.awt.windows.WToolkit"/>
    <property name="file.encoding.pkg" value="sun.io"/>
    <property name="java.specification.version" value="1.8"/>
    <property name="sun.cpu.isalist" value="amd64"/>
    <property name="sun.jnu.encoding" value="GBK"/>
    <property name="java.class.path" value="E:\project\learning\junitpractice\junit5experience\target\test-classes;E:\project\learning\junitpractice\junit5experience\target\classes;D:\zq\maven_local_jar\org\springframework\boot\spring-boot-starter-web\2.3.4.RELEASE\spring-boot-starter-web-2.3.4.RELEASE.jar;D:\zq\maven_local_jar\org\springframework\boot\spring-boot-starter\2.3.4.RELEASE\spring-boot-starter-2.3.4.RELEASE.jar;D:\zq\maven_local_jar\org\springframework\boot\spring-boot\2.3.4.RELEASE\spring-boot-2.3.4.RELEASE.jar;D:\zq\maven_local_jar\org\springframework\boot\spring-boot-autoconfigure\2.3.4.RELEASE\spring-boot-autoconfigure-2.3.4.RELEASE.jar;D:\zq\maven_local_jar\org\springframework\boot\spring-boot-starter-logging\2.3.4.RELEASE\spring-boot-starter-logging-2.3.4.RELEASE.jar;D:\zq\maven_local_jar\ch\qos\logback\logback-classic\1.2.3\logback-classic-1.2.3.jar;D:\zq\maven_local_jar\ch\qos\logback\logback-core\1.2.3\logback-core-1.2.3.jar;D:\zq\maven_local_jar\org\apache\logging\log4j\log4j-to-slf4j\2.13.3\log4j-to-slf4j-2.13.3.jar;D:\zq\maven_local_jar\org\apache\logging\log4j\log4j-api\2.13.3\log4j-api-2.13.3.jar;D:\zq\maven_local_jar\org\slf4j\jul-to-slf4j\1.7.30\jul-to-slf4j-1.7.30.jar;D:\zq\maven_local_jar\jakarta\annotation\jakarta.annotation-api\1.3.5\jakarta.annotation-api-1.3.5.jar;D:\zq\maven_local_jar\org\yaml\snakeyaml\1.26\snakeyaml-1.26.jar;D:\zq\maven_local_jar\org\springframework\boot\spring-boot-starter-json\2.3.4.RELEASE\spring-boot-starter-json-2.3.4.RELEASE.jar;D:\zq\maven_local_jar\com\fasterxml\jackson\core\jackson-databind\2.11.2\jackson-databind-2.11.2.jar;D:\zq\maven_local_jar\com\fasterxml\jackson\core\jackson-annotations\2.11.2\jackson-annotations-2.11.2.jar;D:\zq\maven_local_jar\com\fasterxml\jackson\core\jackson-core\2.11.2\jackson-core-2.11.2.jar;D:\zq\maven_local_jar\com\fasterxml\jackson\datatype\jackson-datatype-jdk8\2.11.2\jackson-datatype-jdk8-2.11.2.jar;D:\zq\maven_local_jar\com\fasterxml\jackson\datatype\jackson-datatype-jsr310\2.11.2\jackson-datatype-jsr310-2.11.2.jar;D:\zq\maven_local_jar\com\fasterxml\jackson\module\jackson-module-parameter-names\2.11.2\jackson-module-parameter-names-2.11.2.jar;D:\zq\maven_local_jar\org\springframework\boot\spring-boot-starter-tomcat\2.3.4.RELEASE\spring-boot-starter-tomcat-2.3.4.RELEASE.jar;D:\zq\maven_local_jar\org\apache\tomcat\embed\tomcat-embed-core\9.0.38\tomcat-embed-core-9.0.38.jar;D:\zq\maven_local_jar\org\glassfish\jakarta.el\3.0.3\jakarta.el-3.0.3.jar;D:\zq\maven_local_jar\org\apache\tomcat\embed\tomcat-embed-websocket\9.0.38\tomcat-embed-websocket-9.0.38.jar;D:\zq\maven_local_jar\org\springframework\spring-web\5.2.9.RELEASE\spring-web-5.2.9.RELEASE.jar;D:\zq\maven_local_jar\org\springframework\spring-beans\5.2.9.RELEASE\spring-beans-5.2.9.RELEASE.jar;D:\zq\maven_local_jar\org\springframework\spring-webmvc\5.2.9.RELEASE\spring-webmvc-5.2.9.RELEASE.jar;D:\zq\maven_local_jar\org\springframework\spring-aop\5.2.9.RELEASE\spring-aop-5.2.9.RELEASE.jar;D:\zq\maven_local_jar\org\springframework\spring-context\5.2.9.RELEASE\spring-context-5.2.9.RELEASE.jar;D:\zq\maven_local_jar\org\springframework\spring-expression\5.2.9.RELEASE\spring-expression-5.2.9.RELEASE.jar;D:\zq\maven_local_jar\org\projectlombok\lombok\1.16.16\lombok-1.16.16.jar;D:\zq\maven_local_jar\org\springframework\boot\spring-boot-starter-test\2.3.4.RELEASE\spring-boot-starter-test-2.3.4.RELEASE.jar;D:\zq\maven_local_jar\org\springframework\boot\spring-boot-test\2.3.4.RELEASE\spring-boot-test-2.3.4.RELEASE.jar;D:\zq\maven_local_jar\org\springframework\boot\spring-boot-test-autoconfigure\2.3.4.RELEASE\spring-boot-test-autoconfigure-2.3.4.RELEASE.jar;D:\zq\maven_local_jar\com\jayway\jsonpath\json-path\2.4.0\json-path-2.4.0.jar;D:\zq\maven_local_jar\net\minidev\json-smart\2.3\json-smart-2.3.jar;D:\zq\maven_local_jar\net\minidev\accessors-smart\1.2\accessors-smart-1.2.jar;D:\zq\maven_local_jar\org\ow2\asm\asm\5.0.4\asm-5.0.4.jar;D:\zq\maven_local_jar\org\slf4j\slf4j-api\1.7.30\slf4j-api-1.7.30.jar;D:\zq\maven_local_jar\jakarta\xml\bind\jakarta.xml.bind-api\2.3.3\jakarta.xml.bind-api-2.3.3.jar;D:\zq\maven_local_jar\jakarta\activation\jakarta.activation-api\1.2.2\jakarta.activation-api-1.2.2.jar;D:\zq\maven_local_jar\org\assertj\assertj-core\3.16.1\assertj-core-3.16.1.jar;D:\zq\maven_local_jar\org\hamcrest\hamcrest\2.2\hamcrest-2.2.jar;D:\zq\maven_local_jar\org\junit\jupiter\junit-jupiter\5.6.2\junit-jupiter-5.6.2.jar;D:\zq\maven_local_jar\org\junit\jupiter\junit-jupiter-api\5.6.2\junit-jupiter-api-5.6.2.jar;D:\zq\maven_local_jar\org\opentest4j\opentest4j\1.2.0\opentest4j-1.2.0.jar;D:\zq\maven_local_jar\org\junit\platform\junit-platform-commons\1.6.2\junit-platform-commons-1.6.2.jar;D:\zq\maven_local_jar\org\junit\jupiter\junit-jupiter-params\5.6.2\junit-jupiter-params-5.6.2.jar;D:\zq\maven_local_jar\org\junit\jupiter\junit-jupiter-engine\5.6.2\junit-jupiter-engine-5.6.2.jar;D:\zq\maven_local_jar\org\junit\vintage\junit-vintage-engine\5.6.2\junit-vintage-engine-5.6.2.jar;D:\zq\maven_local_jar\org\apiguardian\apiguardian-api\1.1.0\apiguardian-api-1.1.0.jar;D:\zq\maven_local_jar\org\junit\platform\junit-platform-engine\1.6.2\junit-platform-engine-1.6.2.jar;D:\zq\maven_local_jar\junit\junit\4.13\junit-4.13.jar;D:\zq\maven_local_jar\org\mockito\mockito-core\3.3.3\mockito-core-3.3.3.jar;D:\zq\maven_local_jar\net\bytebuddy\byte-buddy\1.10.14\byte-buddy-1.10.14.jar;D:\zq\maven_local_jar\net\bytebuddy\byte-buddy-agent\1.10.14\byte-buddy-agent-1.10.14.jar;D:\zq\maven_local_jar\org\objenesis\objenesis\2.6\objenesis-2.6.jar;D:\zq\maven_local_jar\org\mockito\mockito-junit-jupiter\3.3.3\mockito-junit-jupiter-3.3.3.jar;D:\zq\maven_local_jar\org\skyscreamer\jsonassert\1.5.0\jsonassert-1.5.0.jar;D:\zq\maven_local_jar\com\vaadin\external\google\android-json\0.0.20131108.vaadin1\android-json-0.0.20131108.vaadin1.jar;D:\zq\maven_local_jar\org\springframework\spring-core\5.2.9.RELEASE\spring-core-5.2.9.RELEASE.jar;D:\zq\maven_local_jar\org\springframework\spring-jcl\5.2.9.RELEASE\spring-jcl-5.2.9.RELEASE.jar;D:\zq\maven_local_jar\org\springframework\spring-test\5.2.9.RELEASE\spring-test-5.2.9.RELEASE.jar;D:\zq\maven_local_jar\org\xmlunit\xmlunit-core\2.7.0\xmlunit-core-2.7.0.jar;D:\zq\maven_local_jar\org\springframework\boot\spring-boot-starter-webflux\2.3.4.RELEASE\spring-boot-starter-webflux-2.3.4.RELEASE.jar;D:\zq\maven_local_jar\org\springframework\boot\spring-boot-starter-reactor-netty\2.3.4.RELEASE\spring-boot-starter-reactor-netty-2.3.4.RELEASE.jar;D:\zq\maven_local_jar\io\projectreactor\netty\reactor-netty\0.9.12.RELEASE\reactor-netty-0.9.12.RELEASE.jar;D:\zq\maven_local_jar\io\netty\netty-codec-http\4.1.52.Final\netty-codec-http-4.1.52.Final.jar;D:\zq\maven_local_jar\io\netty\netty-common\4.1.52.Final\netty-common-4.1.52.Final.jar;D:\zq\maven_local_jar\io\netty\netty-buffer\4.1.52.Final\netty-buffer-4.1.52.Final.jar;D:\zq\maven_local_jar\io\netty\netty-transport\4.1.52.Final\netty-transport-4.1.52.Final.jar;D:\zq\maven_local_jar\io\netty\netty-codec\4.1.52.Final\netty-codec-4.1.52.Final.jar;D:\zq\maven_local_jar\io\netty\netty-codec-http2\4.1.52.Final\netty-codec-http2-4.1.52.Final.jar;D:\zq\maven_local_jar\io\netty\netty-handler\4.1.52.Final\netty-handler-4.1.52.Final.jar;D:\zq\maven_local_jar\io\netty\netty-resolver\4.1.52.Final\netty-resolver-4.1.52.Final.jar;D:\zq\maven_local_jar\io\netty\netty-handler-proxy\4.1.52.Final\netty-handler-proxy-4.1.52.Final.jar;D:\zq\maven_local_jar\io\netty\netty-codec-socks\4.1.52.Final\netty-codec-socks-4.1.52.Final.jar;D:\zq\maven_local_jar\io\netty\netty-transport-native-epoll\4.1.52.Final\netty-transport-native-epoll-4.1.52.Final-linux-x86_64.jar;D:\zq\maven_local_jar\io\netty\netty-transport-native-unix-common\4.1.52.Final\netty-transport-native-unix-common-4.1.52.Final.jar;D:\zq\maven_local_jar\org\springframework\spring-webflux\5.2.9.RELEASE\spring-webflux-5.2.9.RELEASE.jar;D:\zq\maven_local_jar\io\projectreactor\reactor-core\3.3.10.RELEASE\reactor-core-3.3.10.RELEASE.jar;D:\zq\maven_local_jar\org\reactivestreams\reactive-streams\1.0.3\reactive-streams-1.0.3.jar;D:\zq\maven_local_jar\org\synchronoss\cloud\nio-multipart-parser\1.1.0\nio-multipart-parser-1.1.0.jar;D:\zq\maven_local_jar\org\synchronoss\cloud\nio-stream-storage\1.1.3\nio-stream-storage-1.1.3.jar;"/>
    <property name="java.vm.vendor" value="Oracle Corporation"/>
    <property name="sun.arch.data.model" value="64"/>
    <property name="user.variant" value=""/>
    <property name="java.vendor.url" value="http://java.oracle.com/"/>
    <property name="user.timezone" value="Asia/Shanghai"/>
    <property name="java.vm.specification.version" value="1.8"/>
    <property name="os.name" value="Windows 10"/>
    <property name="user.country" value="CN"/>
    <property name="sun.java.launcher" value="SUN_STANDARD"/>
    <property name="sun.boot.library.path" value="D:\zq\java\jdk8u191\jre\bin"/>
    <property name="sun.java.command" value="D:\系统文件\Temp\surefire768692381449950474\surefirebooter9104134684484090478.jar D:\系统文件\Temp\surefire768692381449950474 2022-11-23T16-54-50_363-jvmRun1 surefire1815578838210330683tmp surefire_02106485202081925002tmp"/>
    <property name="surefire.test.class.path" value="E:\project\learning\junitpractice\junit5experience\target\test-classes;E:\project\learning\junitpractice\junit5experience\target\classes;D:\zq\maven_local_jar\org\springframework\boot\spring-boot-starter-web\2.3.4.RELEASE\spring-boot-starter-web-2.3.4.RELEASE.jar;D:\zq\maven_local_jar\org\springframework\boot\spring-boot-starter\2.3.4.RELEASE\spring-boot-starter-2.3.4.RELEASE.jar;D:\zq\maven_local_jar\org\springframework\boot\spring-boot\2.3.4.RELEASE\spring-boot-2.3.4.RELEASE.jar;D:\zq\maven_local_jar\org\springframework\boot\spring-boot-autoconfigure\2.3.4.RELEASE\spring-boot-autoconfigure-2.3.4.RELEASE.jar;D:\zq\maven_local_jar\org\springframework\boot\spring-boot-starter-logging\2.3.4.RELEASE\spring-boot-starter-logging-2.3.4.RELEASE.jar;D:\zq\maven_local_jar\ch\qos\logback\logback-classic\1.2.3\logback-classic-1.2.3.jar;D:\zq\maven_local_jar\ch\qos\logback\logback-core\1.2.3\logback-core-1.2.3.jar;D:\zq\maven_local_jar\org\apache\logging\log4j\log4j-to-slf4j\2.13.3\log4j-to-slf4j-2.13.3.jar;D:\zq\maven_local_jar\org\apache\logging\log4j\log4j-api\2.13.3\log4j-api-2.13.3.jar;D:\zq\maven_local_jar\org\slf4j\jul-to-slf4j\1.7.30\jul-to-slf4j-1.7.30.jar;D:\zq\maven_local_jar\jakarta\annotation\jakarta.annotation-api\1.3.5\jakarta.annotation-api-1.3.5.jar;D:\zq\maven_local_jar\org\yaml\snakeyaml\1.26\snakeyaml-1.26.jar;D:\zq\maven_local_jar\org\springframework\boot\spring-boot-starter-json\2.3.4.RELEASE\spring-boot-starter-json-2.3.4.RELEASE.jar;D:\zq\maven_local_jar\com\fasterxml\jackson\core\jackson-databind\2.11.2\jackson-databind-2.11.2.jar;D:\zq\maven_local_jar\com\fasterxml\jackson\core\jackson-annotations\2.11.2\jackson-annotations-2.11.2.jar;D:\zq\maven_local_jar\com\fasterxml\jackson\core\jackson-core\2.11.2\jackson-core-2.11.2.jar;D:\zq\maven_local_jar\com\fasterxml\jackson\datatype\jackson-datatype-jdk8\2.11.2\jackson-datatype-jdk8-2.11.2.jar;D:\zq\maven_local_jar\com\fasterxml\jackson\datatype\jackson-datatype-jsr310\2.11.2\jackson-datatype-jsr310-2.11.2.jar;D:\zq\maven_local_jar\com\fasterxml\jackson\module\jackson-module-parameter-names\2.11.2\jackson-module-parameter-names-2.11.2.jar;D:\zq\maven_local_jar\org\springframework\boot\spring-boot-starter-tomcat\2.3.4.RELEASE\spring-boot-starter-tomcat-2.3.4.RELEASE.jar;D:\zq\maven_local_jar\org\apache\tomcat\embed\tomcat-embed-core\9.0.38\tomcat-embed-core-9.0.38.jar;D:\zq\maven_local_jar\org\glassfish\jakarta.el\3.0.3\jakarta.el-3.0.3.jar;D:\zq\maven_local_jar\org\apache\tomcat\embed\tomcat-embed-websocket\9.0.38\tomcat-embed-websocket-9.0.38.jar;D:\zq\maven_local_jar\org\springframework\spring-web\5.2.9.RELEASE\spring-web-5.2.9.RELEASE.jar;D:\zq\maven_local_jar\org\springframework\spring-beans\5.2.9.RELEASE\spring-beans-5.2.9.RELEASE.jar;D:\zq\maven_local_jar\org\springframework\spring-webmvc\5.2.9.RELEASE\spring-webmvc-5.2.9.RELEASE.jar;D:\zq\maven_local_jar\org\springframework\spring-aop\5.2.9.RELEASE\spring-aop-5.2.9.RELEASE.jar;D:\zq\maven_local_jar\org\springframework\spring-context\5.2.9.RELEASE\spring-context-5.2.9.RELEASE.jar;D:\zq\maven_local_jar\org\springframework\spring-expression\5.2.9.RELEASE\spring-expression-5.2.9.RELEASE.jar;D:\zq\maven_local_jar\org\projectlombok\lombok\1.16.16\lombok-1.16.16.jar;D:\zq\maven_local_jar\org\springframework\boot\spring-boot-starter-test\2.3.4.RELEASE\spring-boot-starter-test-2.3.4.RELEASE.jar;D:\zq\maven_local_jar\org\springframework\boot\spring-boot-test\2.3.4.RELEASE\spring-boot-test-2.3.4.RELEASE.jar;D:\zq\maven_local_jar\org\springframework\boot\spring-boot-test-autoconfigure\2.3.4.RELEASE\spring-boot-test-autoconfigure-2.3.4.RELEASE.jar;D:\zq\maven_local_jar\com\jayway\jsonpath\json-path\2.4.0\json-path-2.4.0.jar;D:\zq\maven_local_jar\net\minidev\json-smart\2.3\json-smart-2.3.jar;D:\zq\maven_local_jar\net\minidev\accessors-smart\1.2\accessors-smart-1.2.jar;D:\zq\maven_local_jar\org\ow2\asm\asm\5.0.4\asm-5.0.4.jar;D:\zq\maven_local_jar\org\slf4j\slf4j-api\1.7.30\slf4j-api-1.7.30.jar;D:\zq\maven_local_jar\jakarta\xml\bind\jakarta.xml.bind-api\2.3.3\jakarta.xml.bind-api-2.3.3.jar;D:\zq\maven_local_jar\jakarta\activation\jakarta.activation-api\1.2.2\jakarta.activation-api-1.2.2.jar;D:\zq\maven_local_jar\org\assertj\assertj-core\3.16.1\assertj-core-3.16.1.jar;D:\zq\maven_local_jar\org\hamcrest\hamcrest\2.2\hamcrest-2.2.jar;D:\zq\maven_local_jar\org\junit\jupiter\junit-jupiter\5.6.2\junit-jupiter-5.6.2.jar;D:\zq\maven_local_jar\org\junit\jupiter\junit-jupiter-api\5.6.2\junit-jupiter-api-5.6.2.jar;D:\zq\maven_local_jar\org\opentest4j\opentest4j\1.2.0\opentest4j-1.2.0.jar;D:\zq\maven_local_jar\org\junit\platform\junit-platform-commons\1.6.2\junit-platform-commons-1.6.2.jar;D:\zq\maven_local_jar\org\junit\jupiter\junit-jupiter-params\5.6.2\junit-jupiter-params-5.6.2.jar;D:\zq\maven_local_jar\org\junit\jupiter\junit-jupiter-engine\5.6.2\junit-jupiter-engine-5.6.2.jar;D:\zq\maven_local_jar\org\junit\vintage\junit-vintage-engine\5.6.2\junit-vintage-engine-5.6.2.jar;D:\zq\maven_local_jar\org\apiguardian\apiguardian-api\1.1.0\apiguardian-api-1.1.0.jar;D:\zq\maven_local_jar\org\junit\platform\junit-platform-engine\1.6.2\junit-platform-engine-1.6.2.jar;D:\zq\maven_local_jar\junit\junit\4.13\junit-4.13.jar;D:\zq\maven_local_jar\org\mockito\mockito-core\3.3.3\mockito-core-3.3.3.jar;D:\zq\maven_local_jar\net\bytebuddy\byte-buddy\1.10.14\byte-buddy-1.10.14.jar;D:\zq\maven_local_jar\net\bytebuddy\byte-buddy-agent\1.10.14\byte-buddy-agent-1.10.14.jar;D:\zq\maven_local_jar\org\objenesis\objenesis\2.6\objenesis-2.6.jar;D:\zq\maven_local_jar\org\mockito\mockito-junit-jupiter\3.3.3\mockito-junit-jupiter-3.3.3.jar;D:\zq\maven_local_jar\org\skyscreamer\jsonassert\1.5.0\jsonassert-1.5.0.jar;D:\zq\maven_local_jar\com\vaadin\external\google\android-json\0.0.20131108.vaadin1\android-json-0.0.20131108.vaadin1.jar;D:\zq\maven_local_jar\org\springframework\spring-core\5.2.9.RELEASE\spring-core-5.2.9.RELEASE.jar;D:\zq\maven_local_jar\org\springframework\spring-jcl\5.2.9.RELEASE\spring-jcl-5.2.9.RELEASE.jar;D:\zq\maven_local_jar\org\springframework\spring-test\5.2.9.RELEASE\spring-test-5.2.9.RELEASE.jar;D:\zq\maven_local_jar\org\xmlunit\xmlunit-core\2.7.0\xmlunit-core-2.7.0.jar;D:\zq\maven_local_jar\org\springframework\boot\spring-boot-starter-webflux\2.3.4.RELEASE\spring-boot-starter-webflux-2.3.4.RELEASE.jar;D:\zq\maven_local_jar\org\springframework\boot\spring-boot-starter-reactor-netty\2.3.4.RELEASE\spring-boot-starter-reactor-netty-2.3.4.RELEASE.jar;D:\zq\maven_local_jar\io\projectreactor\netty\reactor-netty\0.9.12.RELEASE\reactor-netty-0.9.12.RELEASE.jar;D:\zq\maven_local_jar\io\netty\netty-codec-http\4.1.52.Final\netty-codec-http-4.1.52.Final.jar;D:\zq\maven_local_jar\io\netty\netty-common\4.1.52.Final\netty-common-4.1.52.Final.jar;D:\zq\maven_local_jar\io\netty\netty-buffer\4.1.52.Final\netty-buffer-4.1.52.Final.jar;D:\zq\maven_local_jar\io\netty\netty-transport\4.1.52.Final\netty-transport-4.1.52.Final.jar;D:\zq\maven_local_jar\io\netty\netty-codec\4.1.52.Final\netty-codec-4.1.52.Final.jar;D:\zq\maven_local_jar\io\netty\netty-codec-http2\4.1.52.Final\netty-codec-http2-4.1.52.Final.jar;D:\zq\maven_local_jar\io\netty\netty-handler\4.1.52.Final\netty-handler-4.1.52.Final.jar;D:\zq\maven_local_jar\io\netty\netty-resolver\4.1.52.Final\netty-resolver-4.1.52.Final.jar;D:\zq\maven_local_jar\io\netty\netty-handler-proxy\4.1.52.Final\netty-handler-proxy-4.1.52.Final.jar;D:\zq\maven_local_jar\io\netty\netty-codec-socks\4.1.52.Final\netty-codec-socks-4.1.52.Final.jar;D:\zq\maven_local_jar\io\netty\netty-transport-native-epoll\4.1.52.Final\netty-transport-native-epoll-4.1.52.Final-linux-x86_64.jar;D:\zq\maven_local_jar\io\netty\netty-transport-native-unix-common\4.1.52.Final\netty-transport-native-unix-common-4.1.52.Final.jar;D:\zq\maven_local_jar\org\springframework\spring-webflux\5.2.9.RELEASE\spring-webflux-5.2.9.RELEASE.jar;D:\zq\maven_local_jar\io\projectreactor\reactor-core\3.3.10.RELEASE\reactor-core-3.3.10.RELEASE.jar;D:\zq\maven_local_jar\org\reactivestreams\reactive-streams\1.0.3\reactive-streams-1.0.3.jar;D:\zq\maven_local_jar\org\synchronoss\cloud\nio-multipart-parser\1.1.0\nio-multipart-parser-1.1.0.jar;D:\zq\maven_local_jar\org\synchronoss\cloud\nio-stream-storage\1.1.3\nio-stream-storage-1.1.3.jar;"/>
    <property name="sun.cpu.endian" value="little"/>
    <property name="user.home" value="C:\Users\ASUS"/>
    <property name="user.language" value="zh"/>
    <property name="java.specification.vendor" value="Oracle Corporation"/>
    <property name="java.home" value="D:\zq\java\jdk8u191\jre"/>
    <property name="basedir" value="E:\project\learning\junitpractice\junit5experience"/>
    <property name="file.separator" value="\"/>
    <property name="line.separator" value="&#10;"/>
    <property name="java.vm.specification.vendor" value="Oracle Corporation"/>
    <property name="java.specification.name" value="Java Platform API Specification"/>
    <property name="java.awt.graphicsenv" value="sun.awt.Win32GraphicsEnvironment"/>
    <property name="surefire.real.class.path" value="D:\系统文件\Temp\surefire768692381449950474\surefirebooter9104134684484090478.jar"/>
    <property name="sun.boot.class.path" value="D:\zq\java\jdk8u191\jre\lib\resources.jar;D:\zq\java\jdk8u191\jre\lib\rt.jar;D:\zq\java\jdk8u191\jre\lib\sunrsasign.jar;D:\zq\java\jdk8u191\jre\lib\jsse.jar;D:\zq\java\jdk8u191\jre\lib\jce.jar;D:\zq\java\jdk8u191\jre\lib\charsets.jar;D:\zq\java\jdk8u191\jre\lib\jfr.jar;D:\zq\java\jdk8u191\jre\classes"/>
    <property name="user.script" value=""/>
    <property name="sun.management.compiler" value="HotSpot 64-Bit Tiered Compilers"/>
    <property name="java.runtime.version" value="1.8.0_191-b12"/>
    <property name="user.name" value="ASUS"/>
    <property name="path.separator" value=";"/>
    <property name="os.version" value="10.0"/>
    <property name="java.endorsed.dirs" value="D:\zq\java\jdk8u191\jre\lib\endorsed"/>
    <property name="java.runtime.name" value="Java(TM) SE Runtime Environment"/>
    <property name="file.encoding" value="GBK"/>
    <property name="java.vm.name" value="Java HotSpot(TM) 64-Bit Server VM"/>
    <property name="localRepository" value="D:\zq\maven_local_jar"/>
    <property name="java.vendor.url.bug" value="http://bugreport.sun.com/bugreport/"/>
    <property name="java.io.tmpdir" value="D:\系统文件\Temp\"/>
    <property name="idea.version" value="2021.3.1"/>
    <property name="java.version" value="1.8.0_191"/>
    <property name="user.dir" value="E:\project\learning\junitpractice\junit5experience"/>
    <property name="os.arch" value="amd64"/>
    <property name="java.vm.specification.name" value="Java Virtual Machine Specification"/>
    <property name="java.awt.printerjob" value="sun.awt.windows.WPrinterJob"/>
    <property name="sun.os.patch.level" value=""/>
    <property name="java.library.path" value="D:\zq\java\jdk8u191\jre\bin;C:\WINDOWS\Sun\Java\bin;C:\WINDOWS\system32;C:\WINDOWS;C:\Program Files\Chez Scheme 9.5.6\bin\ta6nt;D:\zq\gpu\gpu compute\bin;D:\zq\gpu\gpu compute\libnvvp;C:\Program Files (x86)\Common Files\Oracle\Java\javapath;C:\Program Files (x86)\Intel\Intel(R) Management Engine Components\iCLS\;C:\Program Files\Intel\Intel(R) Management Engine Components\iCLS\;C:\Windows\system32;C:\Windows;C:\Windows\System32\Wbem;C:\Windows\System32\WindowsPowerShell\v1.0\;C:\Program Files (x86)\Intel\Intel(R) Management Engine Components\DAL;C:\Program Files\Intel\Intel(R) Management Engine Components\DAL;C:\Program Files (x86)\Intel\Intel(R) Management Engine Components\IPT;C:\Program Files\Intel\Intel(R) Management Engine Components\IPT;C:\Program Files\Intel\WiFi\bin\;C:\Program Files\Common Files\Intel\WirelessCommon\;C:\WINDOWS\system32;C:\WINDOWS;C:\WINDOWS\System32\Wbem;C:\WINDOWS\System32\WindowsPowerShell\v1.0\;C:\WINDOWS\System32\OpenSSH\;D:\zq\git\Git\cmd;D:\zq\java\jdk8u191\bin;D:\zq\java\jdk8u191\jre\bin;D:\zq\tools\bin\;D:\Program Files (x86)\Microsoft Visual Studio 14.0\VC\bin\;D:\zq\nodejs\nodejs-v13\node-global;D:\zq\nodejs\nodejs-v13\node-global\bin;D:\zq\nodejs\nodejs-v13;D:\zq\gradle-3.5\bin;C:\Program Files\dotnet\;C:\WINDOWS\system32;C:\WINDOWS;C:\WINDOWS\System32\Wbem;C:\WINDOWS\System32\WindowsPowerShell\v1.0\;C:\WINDOWS\System32\OpenSSH\;C:\Program Files\OpenVPN\bin;D:\zq\redis\;C:\Users\ASUS\.cargo\bin;D:\zq\nodejs\nodejs-v13;D:\zq\nodejs\nodejs-v13\node-global;D:\zq\nodejs\nodejs-v13\node-global\bin;C:\Users\ASUS\AppData\Local\Microsoft\WindowsApps;D:\zq\bandizip\;D:\zq\Microsoft VS Code\bin;C:\Users\ASUS\AppData\Local\Pandoc\;E:\Temp\Pixeval;C:\Users\ASUS\AppData\Local\Microsoft\WindowsApps;D:\zq\fiddler;C:\Program Files\Chez Scheme 9.5.6\bin\ta6nt;D:\zq\idea\IntelliJ IDEA 2021.3.1\bin;;;."/>
    <property name="java.vm.info" value="mixed mode"/>
    <property name="java.vendor" value="Oracle Corporation"/>
    <property name="java.vm.version" value="25.191-b12"/>
    <property name="java.ext.dirs" value="D:\zq\java\jdk8u191\jre\lib\ext;C:\WINDOWS\Sun\Java\lib\ext"/>
    <property name="sun.io.unicode.encoding" value="UnicodeLittle"/>
    <property name="java.class.version" value="52.0"/>
  </properties>
  <testcase name="increase" classname="com.self.service.impl.HelloServiceImplTest" time="0.389"/>
  <testcase name="hello" classname="com.self.service.impl.HelloServiceImplTest" time="0.009"/>
  <testcase name="remoteRequest" classname="com.self.service.impl.HelloServiceImplTest" time="0.57">
    <error message="remoteRequest() timed out after 500 milliseconds" type="java.util.concurrent.TimeoutException">java.util.concurrent.TimeoutException: remoteRequest() timed out after 500 milliseconds
</error>
    <system-out><![CDATA[2022-11-23 16:54:56.620  INFO 2600 --- [           main] c.s.service.impl.HelloServiceImplTest    : execute beforeEach
2022-11-23 16:54:57.156  INFO 2600 --- [           main] c.s.service.impl.HelloServiceImplTest    : execute afterEach
]]></system-out>
    <system-err><![CDATA[java.lang.InterruptedException: sleep interrupted
	at java.lang.Thread.sleep(Native Method)
	at com.self.service.impl.HelloServiceImpl.remoteRequest(HelloServiceImpl.java:28)
	at com.self.service.impl.HelloServiceImplTest.remoteRequest(HelloServiceImplTest.java:92)
	at sun.reflect.NativeMethodAccessorImpl.invoke0(Native Method)
	at sun.reflect.NativeMethodAccessorImpl.invoke(NativeMethodAccessorImpl.java:62)
	at sun.reflect.DelegatingMethodAccessorImpl.invoke(DelegatingMethodAccessorImpl.java:43)
	at java.lang.reflect.Method.invoke(Method.java:498)
	at org.junit.platform.commons.util.ReflectionUtils.invokeMethod(ReflectionUtils.java:686)
	at org.junit.jupiter.engine.execution.MethodInvocation.proceed(MethodInvocation.java:60)
	at org.junit.jupiter.engine.execution.InvocationInterceptorChain$ValidatingInvocation.proceed(InvocationInterceptorChain.java:131)
	at org.junit.jupiter.engine.extension.TimeoutInvocation.proceed(TimeoutInvocation.java:46)
	at org.junit.jupiter.engine.extension.TimeoutExtension.intercept(TimeoutExtension.java:149)
	at org.junit.jupiter.engine.extension.TimeoutExtension.interceptTestableMethod(TimeoutExtension.java:140)
	at org.junit.jupiter.engine.extension.TimeoutExtension.interceptTestMethod(TimeoutExtension.java:84)
	at org.junit.jupiter.engine.execution.ExecutableInvoker$ReflectiveInterceptorCall.lambda$ofVoidMethod$0(ExecutableInvoker.java:115)
	at org.junit.jupiter.engine.execution.ExecutableInvoker.lambda$invoke$0(ExecutableInvoker.java:105)
	at org.junit.jupiter.engine.execution.InvocationInterceptorChain$InterceptedInvocation.proceed(InvocationInterceptorChain.java:106)
	at org.junit.jupiter.engine.execution.InvocationInterceptorChain.proceed(InvocationInterceptorChain.java:64)
	at org.junit.jupiter.engine.execution.InvocationInterceptorChain.chainAndInvoke(InvocationInterceptorChain.java:45)
	at org.junit.jupiter.engine.execution.InvocationInterceptorChain.invoke(InvocationInterceptorChain.java:37)
	at org.junit.jupiter.engine.execution.ExecutableInvoker.invoke(ExecutableInvoker.java:104)
	at org.junit.jupiter.engine.execution.ExecutableInvoker.invoke(ExecutableInvoker.java:98)
	at org.junit.jupiter.engine.descriptor.TestMethodTestDescriptor.lambda$invokeTestMethod$6(TestMethodTestDescriptor.java:212)
	at org.junit.platform.engine.support.hierarchical.ThrowableCollector.execute(ThrowableCollector.java:73)
	at org.junit.jupiter.engine.descriptor.TestMethodTestDescriptor.invokeTestMethod(TestMethodTestDescriptor.java:208)
	at org.junit.jupiter.engine.descriptor.TestMethodTestDescriptor.execute(TestMethodTestDescriptor.java:137)
	at org.junit.jupiter.engine.descriptor.TestMethodTestDescriptor.execute(TestMethodTestDescriptor.java:71)
	at org.junit.platform.engine.support.hierarchical.NodeTestTask.lambda$executeRecursively$5(NodeTestTask.java:135)
	at org.junit.platform.engine.support.hierarchical.ThrowableCollector.execute(ThrowableCollector.java:73)
	at org.junit.platform.engine.support.hierarchical.NodeTestTask.lambda$executeRecursively$7(NodeTestTask.java:125)
	at org.junit.platform.engine.support.hierarchical.Node.around(Node.java:135)
	at org.junit.platform.engine.support.hierarchical.NodeTestTask.lambda$executeRecursively$8(NodeTestTask.java:123)
	at org.junit.platform.engine.support.hierarchical.ThrowableCollector.execute(ThrowableCollector.java:73)
	at org.junit.platform.engine.support.hierarchical.NodeTestTask.executeRecursively(NodeTestTask.java:122)
	at org.junit.platform.engine.support.hierarchical.NodeTestTask.execute(NodeTestTask.java:80)
	at java.util.ArrayList.forEach(ArrayList.java:1257)
	at org.junit.platform.engine.support.hierarchical.SameThreadHierarchicalTestExecutorService.invokeAll(SameThreadHierarchicalTestExecutorService.java:38)
	at org.junit.platform.engine.support.hierarchical.NodeTestTask.lambda$executeRecursively$5(NodeTestTask.java:139)
	at org.junit.platform.engine.support.hierarchical.ThrowableCollector.execute(ThrowableCollector.java:73)
	at org.junit.platform.engine.support.hierarchical.NodeTestTask.lambda$executeRecursively$7(NodeTestTask.java:125)
	at org.junit.platform.engine.support.hierarchical.Node.around(Node.java:135)
	at org.junit.platform.engine.support.hierarchical.NodeTestTask.lambda$executeRecursively$8(NodeTestTask.java:123)
	at org.junit.platform.engine.support.hierarchical.ThrowableCollector.execute(ThrowableCollector.java:73)
	at org.junit.platform.engine.support.hierarchical.NodeTestTask.executeRecursively(NodeTestTask.java:122)
	at org.junit.platform.engine.support.hierarchical.NodeTestTask.execute(NodeTestTask.java:80)
	at java.util.ArrayList.forEach(ArrayList.java:1257)
	at org.junit.platform.engine.support.hierarchical.SameThreadHierarchicalTestExecutorService.invokeAll(SameThreadHierarchicalTestExecutorService.java:38)
	at org.junit.platform.engine.support.hierarchical.NodeTestTask.lambda$executeRecursively$5(NodeTestTask.java:139)
	at org.junit.platform.engine.support.hierarchical.ThrowableCollector.execute(ThrowableCollector.java:73)
	at org.junit.platform.engine.support.hierarchical.NodeTestTask.lambda$executeRecursively$7(NodeTestTask.java:125)
	at org.junit.platform.engine.support.hierarchical.Node.around(Node.java:135)
	at org.junit.platform.engine.support.hierarchical.NodeTestTask.lambda$executeRecursively$8(NodeTestTask.java:123)
	at org.junit.platform.engine.support.hierarchical.ThrowableCollector.execute(ThrowableCollector.java:73)
	at org.junit.platform.engine.support.hierarchical.NodeTestTask.executeRecursively(NodeTestTask.java:122)
	at org.junit.platform.engine.support.hierarchical.NodeTestTask.execute(NodeTestTask.java:80)
	at org.junit.platform.engine.support.hierarchical.SameThreadHierarchicalTestExecutorService.submit(SameThreadHierarchicalTestExecutorService.java:32)
	at org.junit.platform.engine.support.hierarchical.HierarchicalTestExecutor.execute(HierarchicalTestExecutor.java:57)
	at org.junit.platform.engine.support.hierarchical.HierarchicalTestEngine.execute(HierarchicalTestEngine.java:51)
	at org.junit.platform.launcher.core.DefaultLauncher.execute(DefaultLauncher.java:220)
	at org.junit.platform.launcher.core.DefaultLauncher.lambda$execute$6(DefaultLauncher.java:188)
	at org.junit.platform.launcher.core.DefaultLauncher.withInterceptedStreams(DefaultLauncher.java:202)
	at org.junit.platform.launcher.core.DefaultLauncher.execute(DefaultLauncher.java:181)
	at org.junit.platform.launcher.core.DefaultLauncher.execute(DefaultLauncher.java:128)
	at org.apache.maven.surefire.junitplatform.JUnitPlatformProvider.invokeAllTests(JUnitPlatformProvider.java:150)
	at org.apache.maven.surefire.junitplatform.JUnitPlatformProvider.invoke(JUnitPlatformProvider.java:124)
	at org.apache.maven.surefire.booter.ForkedBooter.invokeProviderInSameClassLoader(ForkedBooter.java:384)
	at org.apache.maven.surefire.booter.ForkedBooter.runSuitesInProcess(ForkedBooter.java:345)
	at org.apache.maven.surefire.booter.ForkedBooter.execute(ForkedBooter.java:126)
	at org.apache.maven.surefire.booter.ForkedBooter.main(ForkedBooter.java:418)
]]></system-err>
  </testcase>
  <testcase name="neverExecute" classname="com.self.service.impl.HelloServiceImplTest" time="0">
    <skipped message="public void com.self.service.impl.HelloServiceImplTest.neverExecute() is @Disabled"/>
  </testcase>
</testsuite>